<?xml version="1.0" encoding="UTF-8"?>
<testsuite xmlns:xsi="http://www.w3.org/2001/XMLSchema-instance" xsi:noNamespaceSchemaLocation="https://maven.apache.org/surefire/maven-surefire-plugin/xsd/surefire-test-report.xsd" name="mx.tec.lab.TestHtmlApplicationTests" time="217.821" tests="7" errors="0" skipped="0" failures="0">
  <properties>
    <property name="java.specification.version" value="15"/>
    <property name="sun.jnu.encoding" value="UTF-8"/>
    <property name="java.class.path" value="/Users/jesussierra/Documents/workspace-spring-tool-suite-4-4.9.0.RELEASE/testHtml/target/test-classes:/Users/jesussierra/Documents/workspace-spring-tool-suite-4-4.9.0.RELEASE/testHtml/target/classes:/Users/jesussierra/.m2/repository/org/springframework/boot/spring-boot-starter/2.4.3/spring-boot-starter-2.4.3.jar:/Users/jesussierra/.m2/repository/org/springframework/boot/spring-boot/2.4.3/spring-boot-2.4.3.jar:/Users/jesussierra/.m2/repository/org/springframework/spring-context/5.3.4/spring-context-5.3.4.jar:/Users/jesussierra/.m2/repository/org/springframework/spring-aop/5.3.4/spring-aop-5.3.4.jar:/Users/jesussierra/.m2/repository/org/springframework/spring-beans/5.3.4/spring-beans-5.3.4.jar:/Users/jesussierra/.m2/repository/org/springframework/spring-expression/5.3.4/spring-expression-5.3.4.jar:/Users/jesussierra/.m2/repository/org/springframework/boot/spring-boot-autoconfigure/2.4.3/spring-boot-autoconfigure-2.4.3.jar:/Users/jesussierra/.m2/repository/org/springframework/boot/spring-boot-starter-logging/2.4.3/spring-boot-starter-logging-2.4.3.jar:/Users/jesussierra/.m2/repository/ch/qos/logback/logback-classic/1.2.3/logback-classic-1.2.3.jar:/Users/jesussierra/.m2/repository/ch/qos/logback/logback-core/1.2.3/logback-core-1.2.3.jar:/Users/jesussierra/.m2/repository/org/apache/logging/log4j/log4j-to-slf4j/2.13.3/log4j-to-slf4j-2.13.3.jar:/Users/jesussierra/.m2/repository/org/apache/logging/log4j/log4j-api/2.13.3/log4j-api-2.13.3.jar:/Users/jesussierra/.m2/repository/org/slf4j/jul-to-slf4j/1.7.30/jul-to-slf4j-1.7.30.jar:/Users/jesussierra/.m2/repository/jakarta/annotation/jakarta.annotation-api/1.3.5/jakarta.annotation-api-1.3.5.jar:/Users/jesussierra/.m2/repository/org/springframework/spring-core/5.3.4/spring-core-5.3.4.jar:/Users/jesussierra/.m2/repository/org/springframework/spring-jcl/5.3.4/spring-jcl-5.3.4.jar:/Users/jesussierra/.m2/repository/org/yaml/snakeyaml/1.27/snakeyaml-1.27.jar:/Users/jesussierra/.m2/repository/org/springframework/boot/spring-boot-starter-test/2.4.3/spring-boot-starter-test-2.4.3.jar:/Users/jesussierra/.m2/repository/org/springframework/boot/spring-boot-test/2.4.3/spring-boot-test-2.4.3.jar:/Users/jesussierra/.m2/repository/org/springframework/boot/spring-boot-test-autoconfigure/2.4.3/spring-boot-test-autoconfigure-2.4.3.jar:/Users/jesussierra/.m2/repository/com/jayway/jsonpath/json-path/2.4.0/json-path-2.4.0.jar:/Users/jesussierra/.m2/repository/net/minidev/json-smart/2.3/json-smart-2.3.jar:/Users/jesussierra/.m2/repository/net/minidev/accessors-smart/1.2/accessors-smart-1.2.jar:/Users/jesussierra/.m2/repository/org/ow2/asm/asm/5.0.4/asm-5.0.4.jar:/Users/jesussierra/.m2/repository/org/slf4j/slf4j-api/1.7.30/slf4j-api-1.7.30.jar:/Users/jesussierra/.m2/repository/jakarta/xml/bind/jakarta.xml.bind-api/2.3.3/jakarta.xml.bind-api-2.3.3.jar:/Users/jesussierra/.m2/repository/jakarta/activation/jakarta.activation-api/1.2.2/jakarta.activation-api-1.2.2.jar:/Users/jesussierra/.m2/repository/org/assertj/assertj-core/3.18.1/assertj-core-3.18.1.jar:/Users/jesussierra/.m2/repository/org/hamcrest/hamcrest/2.2/hamcrest-2.2.jar:/Users/jesussierra/.m2/repository/org/junit/jupiter/junit-jupiter/5.7.1/junit-jupiter-5.7.1.jar:/Users/jesussierra/.m2/repository/org/junit/jupiter/junit-jupiter-api/5.7.1/junit-jupiter-api-5.7.1.jar:/Users/jesussierra/.m2/repository/org/apiguardian/apiguardian-api/1.1.0/apiguardian-api-1.1.0.jar:/Users/jesussierra/.m2/repository/org/opentest4j/opentest4j/1.2.0/opentest4j-1.2.0.jar:/Users/jesussierra/.m2/repository/org/junit/platform/junit-platform-commons/1.7.1/junit-platform-commons-1.7.1.jar:/Users/jesussierra/.m2/repository/org/junit/jupiter/junit-jupiter-params/5.7.1/junit-jupiter-params-5.7.1.jar:/Users/jesussierra/.m2/repository/org/junit/jupiter/junit-jupiter-engine/5.7.1/junit-jupiter-engine-5.7.1.jar:/Users/jesussierra/.m2/repository/org/junit/platform/junit-platform-engine/1.7.1/junit-platform-engine-1.7.1.jar:/Users/jesussierra/.m2/repository/org/mockito/mockito-core/3.6.28/mockito-core-3.6.28.jar:/Users/jesussierra/.m2/repository/net/bytebuddy/byte-buddy/1.10.20/byte-buddy-1.10.20.jar:/Users/jesussierra/.m2/repository/net/bytebuddy/byte-buddy-agent/1.10.20/byte-buddy-agent-1.10.20.jar:/Users/jesussierra/.m2/repository/org/objenesis/objenesis/3.1/objenesis-3.1.jar:/Users/jesussierra/.m2/repository/org/mockito/mockito-junit-jupiter/3.6.28/mockito-junit-jupiter-3.6.28.jar:/Users/jesussierra/.m2/repository/org/skyscreamer/jsonassert/1.5.0/jsonassert-1.5.0.jar:/Users/jesussierra/.m2/repository/com/vaadin/external/google/android-json/0.0.20131108.vaadin1/android-json-0.0.20131108.vaadin1.jar:/Users/jesussierra/.m2/repository/org/springframework/spring-test/5.3.4/spring-test-5.3.4.jar:/Users/jesussierra/.m2/repository/org/xmlunit/xmlunit-core/2.7.0/xmlunit-core-2.7.0.jar:/Users/jesussierra/.m2/repository/net/sourceforge/htmlunit/htmlunit/2.44.0/htmlunit-2.44.0.jar:/Users/jesussierra/.m2/repository/xalan/xalan/2.7.2/xalan-2.7.2.jar:/Users/jesussierra/.m2/repository/xalan/serializer/2.7.2/serializer-2.7.2.jar:/Users/jesussierra/.m2/repository/org/apache/commons/commons-lang3/3.11/commons-lang3-3.11.jar:/Users/jesussierra/.m2/repository/org/apache/commons/commons-text/1.9/commons-text-1.9.jar:/Users/jesussierra/.m2/repository/org/apache/httpcomponents/httpmime/4.5.13/httpmime-4.5.13.jar:/Users/jesussierra/.m2/repository/org/apache/httpcomponents/httpclient/4.5.13/httpclient-4.5.13.jar:/Users/jesussierra/.m2/repository/org/apache/httpcomponents/httpcore/4.4.14/httpcore-4.4.14.jar:/Users/jesussierra/.m2/repository/commons-codec/commons-codec/1.15/commons-codec-1.15.jar:/Users/jesussierra/.m2/repository/net/sourceforge/htmlunit/htmlunit-core-js/2.44.0/htmlunit-core-js-2.44.0.jar:/Users/jesussierra/.m2/repository/net/sourceforge/htmlunit/neko-htmlunit/2.44.0/neko-htmlunit-2.44.0.jar:/Users/jesussierra/.m2/repository/xerces/xercesImpl/2.12.0/xercesImpl-2.12.0.jar:/Users/jesussierra/.m2/repository/xml-apis/xml-apis/1.4.01/xml-apis-1.4.01.jar:/Users/jesussierra/.m2/repository/net/sourceforge/htmlunit/htmlunit-cssparser/1.6.0/htmlunit-cssparser-1.6.0.jar:/Users/jesussierra/.m2/repository/commons-io/commons-io/2.8.0/commons-io-2.8.0.jar:/Users/jesussierra/.m2/repository/commons-net/commons-net/3.7.1/commons-net-3.7.1.jar:/Users/jesussierra/.m2/repository/org/brotli/dec/0.1.2/dec-0.1.2.jar:/Users/jesussierra/.m2/repository/com/shapesecurity/salvation2/3.0.0/salvation2-3.0.0.jar:/Users/jesussierra/.m2/repository/org/eclipse/jetty/websocket/websocket-client/9.4.36.v20210114/websocket-client-9.4.36.v20210114.jar:/Users/jesussierra/.m2/repository/org/eclipse/jetty/jetty-client/9.4.36.v20210114/jetty-client-9.4.36.v20210114.jar:/Users/jesussierra/.m2/repository/org/eclipse/jetty/jetty-http/9.4.36.v20210114/jetty-http-9.4.36.v20210114.jar:/Users/jesussierra/.m2/repository/org/eclipse/jetty/jetty-util/9.4.36.v20210114/jetty-util-9.4.36.v20210114.jar:/Users/jesussierra/.m2/repository/org/eclipse/jetty/jetty-io/9.4.36.v20210114/jetty-io-9.4.36.v20210114.jar:/Users/jesussierra/.m2/repository/org/eclipse/jetty/websocket/websocket-common/9.4.36.v20210114/websocket-common-9.4.36.v20210114.jar:/Users/jesussierra/.m2/repository/org/eclipse/jetty/websocket/websocket-api/9.4.36.v20210114/websocket-api-9.4.36.v20210114.jar:"/>
    <property name="java.vm.vendor" value="Oracle Corporation"/>
    <property name="sun.arch.data.model" value="64"/>
    <property name="java.vendor.url" value="https://java.oracle.com/"/>
    <property name="os.name" value="Mac OS X"/>
    <property name="java.vm.specification.version" value="15"/>
    <property name="sun.java.launcher" value="SUN_STANDARD"/>
    <property name="user.country" value="MX"/>
    <property name="sun.boot.library.path" value="/Library/Java/JavaVirtualMachines/jdk-15.0.2.jdk/Contents/Home/lib"/>
    <property name="sun.java.command" value="/Users/jesussierra/Documents/workspace-spring-tool-suite-4-4.9.0.RELEASE/testHtml/target/surefire/surefirebooter16308725580918990745.jar /Users/jesussierra/Documents/workspace-spring-tool-suite-4-4.9.0.RELEASE/testHtml/target/surefire 2021-03-16T11-05-34_126-jvmRun1 surefire5116296059395577531tmp surefire_08098027764138009888tmp"/>
    <property name="http.nonProxyHosts" value="local|*.local|169.254/16|*.169.254/16"/>
    <property name="jdk.debug" value="release"/>
    <property name="surefire.test.class.path" value="/Users/jesussierra/Documents/workspace-spring-tool-suite-4-4.9.0.RELEASE/testHtml/target/test-classes:/Users/jesussierra/Documents/workspace-spring-tool-suite-4-4.9.0.RELEASE/testHtml/target/classes:/Users/jesussierra/.m2/repository/org/springframework/boot/spring-boot-starter/2.4.3/spring-boot-starter-2.4.3.jar:/Users/jesussierra/.m2/repository/org/springframework/boot/spring-boot/2.4.3/spring-boot-2.4.3.jar:/Users/jesussierra/.m2/repository/org/springframework/spring-context/5.3.4/spring-context-5.3.4.jar:/Users/jesussierra/.m2/repository/org/springframework/spring-aop/5.3.4/spring-aop-5.3.4.jar:/Users/jesussierra/.m2/repository/org/springframework/spring-beans/5.3.4/spring-beans-5.3.4.jar:/Users/jesussierra/.m2/repository/org/springframework/spring-expression/5.3.4/spring-expression-5.3.4.jar:/Users/jesussierra/.m2/repository/org/springframework/boot/spring-boot-autoconfigure/2.4.3/spring-boot-autoconfigure-2.4.3.jar:/Users/jesussierra/.m2/repository/org/springframework/boot/spring-boot-starter-logging/2.4.3/spring-boot-starter-logging-2.4.3.jar:/Users/jesussierra/.m2/repository/ch/qos/logback/logback-classic/1.2.3/logback-classic-1.2.3.jar:/Users/jesussierra/.m2/repository/ch/qos/logback/logback-core/1.2.3/logback-core-1.2.3.jar:/Users/jesussierra/.m2/repository/org/apache/logging/log4j/log4j-to-slf4j/2.13.3/log4j-to-slf4j-2.13.3.jar:/Users/jesussierra/.m2/repository/org/apache/logging/log4j/log4j-api/2.13.3/log4j-api-2.13.3.jar:/Users/jesussierra/.m2/repository/org/slf4j/jul-to-slf4j/1.7.30/jul-to-slf4j-1.7.30.jar:/Users/jesussierra/.m2/repository/jakarta/annotation/jakarta.annotation-api/1.3.5/jakarta.annotation-api-1.3.5.jar:/Users/jesussierra/.m2/repository/org/springframework/spring-core/5.3.4/spring-core-5.3.4.jar:/Users/jesussierra/.m2/repository/org/springframework/spring-jcl/5.3.4/spring-jcl-5.3.4.jar:/Users/jesussierra/.m2/repository/org/yaml/snakeyaml/1.27/snakeyaml-1.27.jar:/Users/jesussierra/.m2/repository/org/springframework/boot/spring-boot-starter-test/2.4.3/spring-boot-starter-test-2.4.3.jar:/Users/jesussierra/.m2/repository/org/springframework/boot/spring-boot-test/2.4.3/spring-boot-test-2.4.3.jar:/Users/jesussierra/.m2/repository/org/springframework/boot/spring-boot-test-autoconfigure/2.4.3/spring-boot-test-autoconfigure-2.4.3.jar:/Users/jesussierra/.m2/repository/com/jayway/jsonpath/json-path/2.4.0/json-path-2.4.0.jar:/Users/jesussierra/.m2/repository/net/minidev/json-smart/2.3/json-smart-2.3.jar:/Users/jesussierra/.m2/repository/net/minidev/accessors-smart/1.2/accessors-smart-1.2.jar:/Users/jesussierra/.m2/repository/org/ow2/asm/asm/5.0.4/asm-5.0.4.jar:/Users/jesussierra/.m2/repository/org/slf4j/slf4j-api/1.7.30/slf4j-api-1.7.30.jar:/Users/jesussierra/.m2/repository/jakarta/xml/bind/jakarta.xml.bind-api/2.3.3/jakarta.xml.bind-api-2.3.3.jar:/Users/jesussierra/.m2/repository/jakarta/activation/jakarta.activation-api/1.2.2/jakarta.activation-api-1.2.2.jar:/Users/jesussierra/.m2/repository/org/assertj/assertj-core/3.18.1/assertj-core-3.18.1.jar:/Users/jesussierra/.m2/repository/org/hamcrest/hamcrest/2.2/hamcrest-2.2.jar:/Users/jesussierra/.m2/repository/org/junit/jupiter/junit-jupiter/5.7.1/junit-jupiter-5.7.1.jar:/Users/jesussierra/.m2/repository/org/junit/jupiter/junit-jupiter-api/5.7.1/junit-jupiter-api-5.7.1.jar:/Users/jesussierra/.m2/repository/org/apiguardian/apiguardian-api/1.1.0/apiguardian-api-1.1.0.jar:/Users/jesussierra/.m2/repository/org/opentest4j/opentest4j/1.2.0/opentest4j-1.2.0.jar:/Users/jesussierra/.m2/repository/org/junit/platform/junit-platform-commons/1.7.1/junit-platform-commons-1.7.1.jar:/Users/jesussierra/.m2/repository/org/junit/jupiter/junit-jupiter-params/5.7.1/junit-jupiter-params-5.7.1.jar:/Users/jesussierra/.m2/repository/org/junit/jupiter/junit-jupiter-engine/5.7.1/junit-jupiter-engine-5.7.1.jar:/Users/jesussierra/.m2/repository/org/junit/platform/junit-platform-engine/1.7.1/junit-platform-engine-1.7.1.jar:/Users/jesussierra/.m2/repository/org/mockito/mockito-core/3.6.28/mockito-core-3.6.28.jar:/Users/jesussierra/.m2/repository/net/bytebuddy/byte-buddy/1.10.20/byte-buddy-1.10.20.jar:/Users/jesussierra/.m2/repository/net/bytebuddy/byte-buddy-agent/1.10.20/byte-buddy-agent-1.10.20.jar:/Users/jesussierra/.m2/repository/org/objenesis/objenesis/3.1/objenesis-3.1.jar:/Users/jesussierra/.m2/repository/org/mockito/mockito-junit-jupiter/3.6.28/mockito-junit-jupiter-3.6.28.jar:/Users/jesussierra/.m2/repository/org/skyscreamer/jsonassert/1.5.0/jsonassert-1.5.0.jar:/Users/jesussierra/.m2/repository/com/vaadin/external/google/android-json/0.0.20131108.vaadin1/android-json-0.0.20131108.vaadin1.jar:/Users/jesussierra/.m2/repository/org/springframework/spring-test/5.3.4/spring-test-5.3.4.jar:/Users/jesussierra/.m2/repository/org/xmlunit/xmlunit-core/2.7.0/xmlunit-core-2.7.0.jar:/Users/jesussierra/.m2/repository/net/sourceforge/htmlunit/htmlunit/2.44.0/htmlunit-2.44.0.jar:/Users/jesussierra/.m2/repository/xalan/xalan/2.7.2/xalan-2.7.2.jar:/Users/jesussierra/.m2/repository/xalan/serializer/2.7.2/serializer-2.7.2.jar:/Users/jesussierra/.m2/repository/org/apache/commons/commons-lang3/3.11/commons-lang3-3.11.jar:/Users/jesussierra/.m2/repository/org/apache/commons/commons-text/1.9/commons-text-1.9.jar:/Users/jesussierra/.m2/repository/org/apache/httpcomponents/httpmime/4.5.13/httpmime-4.5.13.jar:/Users/jesussierra/.m2/repository/org/apache/httpcomponents/httpclient/4.5.13/httpclient-4.5.13.jar:/Users/jesussierra/.m2/repository/org/apache/httpcomponents/httpcore/4.4.14/httpcore-4.4.14.jar:/Users/jesussierra/.m2/repository/commons-codec/commons-codec/1.15/commons-codec-1.15.jar:/Users/jesussierra/.m2/repository/net/sourceforge/htmlunit/htmlunit-core-js/2.44.0/htmlunit-core-js-2.44.0.jar:/Users/jesussierra/.m2/repository/net/sourceforge/htmlunit/neko-htmlunit/2.44.0/neko-htmlunit-2.44.0.jar:/Users/jesussierra/.m2/repository/xerces/xercesImpl/2.12.0/xercesImpl-2.12.0.jar:/Users/jesussierra/.m2/repository/xml-apis/xml-apis/1.4.01/xml-apis-1.4.01.jar:/Users/jesussierra/.m2/repository/net/sourceforge/htmlunit/htmlunit-cssparser/1.6.0/htmlunit-cssparser-1.6.0.jar:/Users/jesussierra/.m2/repository/commons-io/commons-io/2.8.0/commons-io-2.8.0.jar:/Users/jesussierra/.m2/repository/commons-net/commons-net/3.7.1/commons-net-3.7.1.jar:/Users/jesussierra/.m2/repository/org/brotli/dec/0.1.2/dec-0.1.2.jar:/Users/jesussierra/.m2/repository/com/shapesecurity/salvation2/3.0.0/salvation2-3.0.0.jar:/Users/jesussierra/.m2/repository/org/eclipse/jetty/websocket/websocket-client/9.4.36.v20210114/websocket-client-9.4.36.v20210114.jar:/Users/jesussierra/.m2/repository/org/eclipse/jetty/jetty-client/9.4.36.v20210114/jetty-client-9.4.36.v20210114.jar:/Users/jesussierra/.m2/repository/org/eclipse/jetty/jetty-http/9.4.36.v20210114/jetty-http-9.4.36.v20210114.jar:/Users/jesussierra/.m2/repository/org/eclipse/jetty/jetty-util/9.4.36.v20210114/jetty-util-9.4.36.v20210114.jar:/Users/jesussierra/.m2/repository/org/eclipse/jetty/jetty-io/9.4.36.v20210114/jetty-io-9.4.36.v20210114.jar:/Users/jesussierra/.m2/repository/org/eclipse/jetty/websocket/websocket-common/9.4.36.v20210114/websocket-common-9.4.36.v20210114.jar:/Users/jesussierra/.m2/repository/org/eclipse/jetty/websocket/websocket-api/9.4.36.v20210114/websocket-api-9.4.36.v20210114.jar:"/>
    <property name="sun.cpu.endian" value="little"/>
    <property name="user.home" value="/Users/jesussierra"/>
    <property name="user.language" value="es"/>
    <property name="java.specification.vendor" value="Oracle Corporation"/>
    <property name="java.version.date" value="2021-01-19"/>
    <property name="java.home" value="/Library/Java/JavaVirtualMachines/jdk-15.0.2.jdk/Contents/Home"/>
    <property name="file.separator" value="/"/>
    <property name="style.color" value="always"/>
    <property name="basedir" value="/Users/jesussierra/Documents/workspace-spring-tool-suite-4-4.9.0.RELEASE/testHtml"/>
    <property name="java.vm.compressedOopsMode" value="Zero based"/>
    <property name="line.separator" value="&#10;"/>
    <property name="java.specification.name" value="Java Platform API Specification"/>
    <property name="java.vm.specification.vendor" value="Oracle Corporation"/>
    <property name="surefire.real.class.path" value="/Users/jesussierra/Documents/workspace-spring-tool-suite-4-4.9.0.RELEASE/testHtml/target/surefire/surefirebooter16308725580918990745.jar"/>
    <property name="sun.management.compiler" value="HotSpot 64-Bit Tiered Compilers"/>
    <property name="ftp.nonProxyHosts" value="local|*.local|169.254/16|*.169.254/16"/>
    <property name="java.runtime.version" value="15.0.2+7-27"/>
    <property name="user.name" value="jesussierra"/>
    <property name="path.separator" value=":"/>
    <property name="os.version" value="10.16"/>
    <property name="java.runtime.name" value="Java(TM) SE Runtime Environment"/>
    <property name="file.encoding" value="UTF-8"/>
    <property name="java.vm.name" value="Java HotSpot(TM) 64-Bit Server VM"/>
    <property name="localRepository" value="/Users/jesussierra/.m2/repository"/>
    <property name="java.vendor.url.bug" value="https://bugreport.java.com/bugreport/"/>
    <property name="java.io.tmpdir" value="/var/folders/_h/vfmv01xj2m7f2s682wg1r0y40000gn/T/"/>
    <property name="java.version" value="15.0.2"/>
    <property name="user.dir" value="/Users/jesussierra/Documents/workspace-spring-tool-suite-4-4.9.0.RELEASE/testHtml"/>
    <property name="os.arch" value="x86_64"/>
    <property name="java.vm.specification.name" value="Java Virtual Machine Specification"/>
    <property name="java.library.path" value="/Users/jesussierra/Library/Java/Extensions:/Library/Java/Extensions:/Network/Library/Java/Extensions:/System/Library/Java/Extensions:/usr/lib/java:."/>
    <property name="java.vm.info" value="mixed mode, sharing"/>
    <property name="java.vendor" value="Oracle Corporation"/>
    <property name="java.vm.version" value="15.0.2+7-27"/>
    <property name="sun.io.unicode.encoding" value="UnicodeBig"/>
    <property name="socksNonProxyHosts" value="local|*.local|169.254/16|*.169.254/16"/>
    <property name="java.class.version" value="59.0"/>
  </properties>
  <testcase name="givenAClient_whenSearchingEmptyString_thenPleaseEnterDisplayed" classname="mx.tec.lab.TestHtmlApplicationTests" time="44.101"/>
  <testcase name="givenAClient_whenEnteringAutomationPractice_thenPageTitleIsCorrect" classname="mx.tec.lab.TestHtmlApplicationTests" time="18.545"/>
  <testcase name="givenAClient_whenSearchingNotExistingProduct_thenNoResultsDisplayed" classname="mx.tec.lab.TestHtmlApplicationTests" time="24.808"/>
  <testcase name="givenAClient_whenEnteringLoginCredentials_thenAccountPageIsDisplayed" classname="mx.tec.lab.TestHtmlApplicationTests" time="36.673"/>
  <testcase name="givenAClient_whenSigningOut_thenAuthenticationPageIsDisplayed" classname="mx.tec.lab.TestHtmlApplicationTests" time="41.273"/>
  <testcase name="givenAClient_whenEnteringWrongLoginCredentials_thenAuthenticationPageIsDisplayed" classname="mx.tec.lab.TestHtmlApplicationTests" time="34.19"/>
  <testcase name="givenAClient_whenEnteringWrongLoginCredentials_thenErrorMessageIsDisplayed" classname="mx.tec.lab.TestHtmlApplicationTests" time="16.883"/>
</testsuite>